# JRE version: OpenJDK Runtime Environment Temurin-21.0.9+10 (21.0.9+10) (build 21.0.9+10-LTS)
# Java VM: OpenJDK 64-Bit Server VM Temurin-21.0.9+10 (21.0.9+10-LTS, mixed mode, sharing, tiered, compressed oops, compressed class ptrs, parallel gc, windows-amd64)
GC Precious Log:
 CardTable entry size: 512
 CPUs: 8 total, 8 available
 Memory: 7930M
 Large Page Support: Disabled
 NUMA Support: Disabled
 Compressed Oops: Enabled (32-bit)
 Alignments: Space 512K, Generation 512K, Heap 2M
 Heap Min Capacity: 100M
 Heap Initial Capacity: 100M
 Heap Max Capacity: 2G
 Pre-touch: Disabled
 Parallel Workers: 8
Heap:
 PSYoungGen      total 5120K, used 3117K [0x00000000d5580000, 0x00000000d5e80000, 0x0000000100000000)
  eden space 4608K, 57% used [0x00000000d5580000,0x00000000d5813508,0x00000000d5a00000)
  from space 512K, 93% used [0x00000000d5e00000,0x00000000d5e78040,0x00000000d5e80000)
  to   space 1024K, 0% used [0x00000000d5c80000,0x00000000d5c80000,0x00000000d5d80000)
 ParOldGen       total 565248K, used 558976K [0x0000000080000000, 0x00000000a2800000, 0x00000000d5580000)
  object space 565248K, 98% used [0x0000000080000000,0x00000000a21e01a0,0x00000000a2800000)
 Metaspace       used 110411K, committed 112320K, reserved 1179648K
  class space    used 10940K, committed 11840K, reserved 1048576K
GC Heap History (20 events):
Event: 169846.946 GC heap before
{Heap before GC invocations=9137 (full 16):
 PSYoungGen      total 5632K, used 5365K [0x00000000d5580000, 0x00000000d5d00000, 0x0000000100000000)
  eden space 4608K, 94% used [0x00000000d5580000,0x00000000d59c1ce0,0x00000000d5a00000)
  from space 1024K, 98% used [0x00000000d5c00000,0x00000000d5cfb9a8,0x00000000d5d00000)
  to   space 1536K, 0% used [0x00000000d5a00000,0x00000000d5a00000,0x00000000d5b80000)
 ParOldGen       total 371712K, used 371233K [0x0000000080000000, 0x0000000096b00000, 0x00000000d5580000)
  object space 371712K, 99% used [0x0000000080000000,0x0000000096a887b8,0x0000000096b00000)
 Metaspace       used 110318K, committed 112192K, reserved 1179648K
  class space    used 10938K, committed 11840K, reserved 1048576K
}
Event: 169846.949 GC heap after
{Heap after GC invocations=9137 (full 16):
 PSYoungGen      total 6144K, used 1520K [0x00000000d5580000, 0x00000000d6300000, 0x0000000100000000)
  eden space 4608K, 0% used [0x00000000d5580000,0x00000000d5580000,0x00000000d5a00000)
  from space 1536K, 99% used [0x00000000d5a00000,0x00000000d5b7c320,0x00000000d5b80000)
  to   space 4608K, 0% used [0x00000000d5e80000,0x00000000d5e80000,0x00000000d6300000)
 ParOldGen       total 373760K, used 373504K [0x0000000080000000, 0x0000000096d00000, 0x00000000d5580000)
  object space 373760K, 99% used [0x0000000080000000,0x0000000096cc0000,0x0000000096d00000)
 Metaspace       used 110318K, committed 112192K, reserved 1179648K
  class space    used 10938K, committed 11840K, reserved 1048576K
}
Event: 169846.999 GC heap before
{Heap before GC invocations=9138 (full 16):
 PSYoungGen      total 6144K, used 6089K [0x00000000d5580000, 0x00000000d6300000, 0x0000000100000000)
  eden space 4608K, 99% used [0x00000000d5580000,0x00000000d59f6110,0x00000000d5a00000)
  from space 1536K, 99% used [0x00000000d5a00000,0x00000000d5b7c320,0x00000000d5b80000)
  to   space 4608K, 0% used [0x00000000d5e80000,0x00000000d5e80000,0x00000000d6300000)
 ParOldGen       total 373760K, used 373504K [0x0000000080000000, 0x0000000096d00000, 0x00000000d5580000)
  object space 373760K, 99% used [0x0000000080000000,0x0000000096cc0000,0x0000000096d00000)
 Metaspace       used 110318K, committed 112192K, reserved 1179648K
  class space    used 10938K, committed 11840K, reserved 1048576K
}
Event: 169847.002 GC heap after
{Heap after GC invocations=9138 (full 16):
 PSYoungGen      total 5120K, used 192K [0x00000000d5580000, 0x00000000d5f00000, 0x0000000100000000)
  eden space 4608K, 0% used [0x00000000d5580000,0x00000000d5580000,0x00000000d5a00000)
  from space 512K, 37% used [0x00000000d5e80000,0x00000000d5eb0000,0x00000000d5f00000)
  to   space 1536K, 0% used [0x00000000d5c00000,0x00000000d5c00000,0x00000000d5d80000)
 ParOldGen       total 374272K, used 374232K [0x0000000080000000, 0x0000000096d80000, 0x00000000d5580000)
  object space 374272K, 99% used [0x0000000080000000,0x0000000096d76010,0x0000000096d80000)
 Metaspace       used 110318K, committed 112192K, reserved 1179648K
  class space    used 10938K, committed 11840K, reserved 1048576K
}
Event: 169849.001 GC heap before
{Heap before GC invocations=9139 (full 16):
 PSYoungGen      total 5120K, used 4800K [0x00000000d5580000, 0x00000000d5f00000, 0x0000000100000000)
  eden space 4608K, 100% used [0x00000000d5580000,0x00000000d5a00000,0x00000000d5a00000)
  from space 512K, 37% used [0x00000000d5e80000,0x00000000d5eb0000,0x00000000d5f00000)
  to   space 1536K, 0% used [0x00000000d5c00000,0x00000000d5c00000,0x00000000d5d80000)
 ParOldGen       total 374272K, used 374232K [0x0000000080000000, 0x0000000096d80000, 0x00000000d5580000)
  object space 374272K, 99% used [0x0000000080000000,0x0000000096d76010,0x0000000096d80000)
 Metaspace       used 110320K, committed 112192K, reserved 1179648K
  class space    used 10938K, committed 11840K, reserved 1048576K
}
Event: 169849.005 GC heap after
{Heap after GC invocations=9139 (full 16):
 PSYoungGen      total 6144K, used 384K [0x00000000d5580000, 0x00000000d5f00000, 0x0000000100000000)
  eden space 4608K, 0% used [0x00000000d5580000,0x00000000d5580000,0x00000000d5a00000)
  from space 1536K, 25% used [0x00000000d5c00000,0x00000000d5c60020,0x00000000d5d80000)
  to   space 1024K, 0% used [0x00000000d5e00000,0x00000000d5e00000,0x00000000d5f00000)
 ParOldGen       total 374784K, used 374272K [0x0000000080000000, 0x0000000096e00000, 0x00000000d5580000)
  object space 374784K, 99% used [0x0000000080000000,0x0000000096d80010,0x0000000096e00000)
 Metaspace       used 110320K, committed 112192K, reserved 1179648K
  class space    used 10938K, committed 11840K, reserved 1048576K
}
Event: 170745.199 GC heap before
{Heap before GC invocations=9140 (full 16):
 PSYoungGen      total 6144K, used 4992K [0x00000000d5580000, 0x00000000d5f00000, 0x0000000100000000)
  eden space 4608K, 100% used [0x00000000d5580000,0x00000000d5a00000,0x00000000d5a00000)
  from space 1536K, 25% used [0x00000000d5c00000,0x00000000d5c60020,0x00000000d5d80000)
  to   space 1024K, 0% used [0x00000000d5e00000,0x00000000d5e00000,0x00000000d5f00000)
 ParOldGen       total 374784K, used 374272K [0x0000000080000000, 0x0000000096e00000, 0x00000000d5580000)
  object space 374784K, 99% used [0x0000000080000000,0x0000000096d80010,0x0000000096e00000)
 Metaspace       used 110341K, committed 112256K, reserved 1179648K
  class space    used 10939K, committed 11840K, reserved 1048576K
}
Event: 170745.729 GC heap after
{Heap after GC invocations=9140 (full 16):
 PSYoungGen      total 5120K, used 448K [0x00000000d5580000, 0x00000000d5e80000, 0x0000000100000000)
  eden space 4608K, 0% used [0x00000000d5580000,0x00000000d5580000,0x00000000d5a00000)
  from space 512K, 87% used [0x00000000d5e00000,0x00000000d5e70020,0x00000000d5e80000)
  to   space 512K, 0% used [0x00000000d5d80000,0x00000000d5d80000,0x00000000d5e00000)
 ParOldGen       total 374784K, used 374344K [0x0000000080000000, 0x0000000096e00000, 0x00000000d5580000)
  object space 374784K, 99% used [0x0000000080000000,0x0000000096d92010,0x0000000096e00000)
 Metaspace       used 110341K, committed 112256K, reserved 1179648K
  class space    used 10939K, committed 11840K, reserved 1048576K
}
Event: 170784.665 GC heap before
{Heap before GC invocations=9141 (full 16):
 PSYoungGen      total 5120K, used 5056K [0x00000000d5580000, 0x00000000d5e80000, 0x0000000100000000)
  eden space 4608K, 100% used [0x00000000d5580000,0x00000000d5a00000,0x00000000d5a00000)
  from space 512K, 87% used [0x00000000d5e00000,0x00000000d5e70020,0x00000000d5e80000)
  to   space 512K, 0% used [0x00000000d5d80000,0x00000000d5d80000,0x00000000d5e00000)
 ParOldGen       total 406528K, used 405064K [0x0000000080000000, 0x0000000098d00000, 0x00000000d5580000)
  object space 406528K, 99% used [0x0000000080000000,0x0000000098b92040,0x0000000098d00000)
 Metaspace       used 110380K, committed 112256K, reserved 1179648K
  class space    used 10939K, committed 11840K, reserved 1048576K
}
Event: 170784.729 GC heap after
{Heap after GC invocations=9141 (full 16):
 PSYoungGen      total 5120K, used 352K [0x00000000d5580000, 0x00000000d5e80000, 0x0000000100000000)
  eden space 4608K, 0% used [0x00000000d5580000,0x00000000d5580000,0x00000000d5a00000)
  from space 512K, 68% used [0x00000000d5d80000,0x00000000d5dd8000,0x00000000d5e00000)
  to   space 512K, 0% used [0x00000000d5e00000,0x00000000d5e00000,0x00000000d5e80000)
 ParOldGen       total 406528K, used 405192K [0x0000000080000000, 0x0000000098d00000, 0x00000000d5580000)
  object space 406528K, 99% used [0x0000000080000000,0x0000000098bb2070,0x0000000098d00000)
 Metaspace       used 110380K, committed 112256K, reserved 1179648K
  class space    used 10939K, committed 11840K, reserved 1048576K
}
Event: 170809.707 GC heap before
{Heap before GC invocations=9142 (full 16):
 PSYoungGen      total 5120K, used 4960K [0x00000000d5580000, 0x00000000d5e80000, 0x0000000100000000)
  eden space 4608K, 100% used [0x00000000d5580000,0x00000000d5a00000,0x00000000d5a00000)
  from space 512K, 68% used [0x00000000d5d80000,0x00000000d5dd8000,0x00000000d5e00000)
  to   space 512K, 0% used [0x00000000d5e00000,0x00000000d5e00000,0x00000000d5e80000)
 ParOldGen       total 438272K, used 435912K [0x0000000080000000, 0x000000009ac00000, 0x00000000d5580000)
  object space 438272K, 99% used [0x0000000080000000,0x000000009a9b20a0,0x000000009ac00000)
 Metaspace       used 110386K, committed 112256K, reserved 1179648K
  class space    used 10939K, committed 11840K, reserved 1048576K
}
Event: 170809.738 GC heap after
{Heap after GC invocations=9142 (full 16):
 PSYoungGen      total 5120K, used 400K [0x00000000d5580000, 0x00000000d5e80000, 0x0000000100000000)
  eden space 4608K, 0% used [0x00000000d5580000,0x00000000d5580000,0x00000000d5a00000)
  from space 512K, 78% used [0x00000000d5e00000,0x00000000d5e64030,0x00000000d5e80000)
  to   space 512K, 0% used [0x00000000d5d80000,0x00000000d5d80000,0x00000000d5e00000)
 ParOldGen       total 438272K, used 435912K [0x0000000080000000, 0x000000009ac00000, 0x00000000d5580000)
  object space 438272K, 99% used [0x0000000080000000,0x000000009a9b20a0,0x000000009ac00000)
 Metaspace       used 110386K, committed 112256K, reserved 1179648K
  class space    used 10939K, committed 11840K, reserved 1048576K
}
Event: 170816.309 GC heap before
{Heap before GC invocations=9143 (full 16):
 PSYoungGen      total 5120K, used 5008K [0x00000000d5580000, 0x00000000d5e80000, 0x0000000100000000)
  eden space 4608K, 100% used [0x00000000d5580000,0x00000000d5a00000,0x00000000d5a00000)
  from space 512K, 78% used [0x00000000d5e00000,0x00000000d5e64030,0x00000000d5e80000)
  to   space 512K, 0% used [0x00000000d5d80000,0x00000000d5d80000,0x00000000d5e00000)
 ParOldGen       total 470016K, used 466632K [0x0000000080000000, 0x000000009cb00000, 0x00000000d5580000)
  object space 470016K, 99% used [0x0000000080000000,0x000000009c7b20d0,0x000000009cb00000)
 Metaspace       used 110392K, committed 112256K, reserved 1179648K
  class space    used 10940K, committed 11840K, reserved 1048576K
}
Event: 170816.330 GC heap after
{Heap after GC invocations=9143 (full 16):
 PSYoungGen      total 5120K, used 496K [0x00000000d5580000, 0x00000000d5e80000, 0x0000000100000000)
  eden space 4608K, 0% used [0x00000000d5580000,0x00000000d5580000,0x00000000d5a00000)
  from space 512K, 96% used [0x00000000d5d80000,0x00000000d5dfc030,0x00000000d5e00000)
  to   space 512K, 0% used [0x00000000d5e00000,0x00000000d5e00000,0x00000000d5e80000)
 ParOldGen       total 470016K, used 466672K [0x0000000080000000, 0x000000009cb00000, 0x00000000d5580000)
  object space 470016K, 99% used [0x0000000080000000,0x000000009c7bc0f0,0x000000009cb00000)
 Metaspace       used 110392K, committed 112256K, reserved 1179648K
  class space    used 10940K, committed 11840K, reserved 1048576K
}
Event: 171041.643 GC heap before
{Heap before GC invocations=9144 (full 16):
 PSYoungGen      total 5120K, used 5104K [0x00000000d5580000, 0x00000000d5e80000, 0x0000000100000000)
  eden space 4608K, 100% used [0x00000000d5580000,0x00000000d5a00000,0x00000000d5a00000)
  from space 512K, 96% used [0x00000000d5d80000,0x00000000d5dfc030,0x00000000d5e00000)
  to   space 512K, 0% used [0x00000000d5e00000,0x00000000d5e00000,0x00000000d5e80000)
 ParOldGen       total 501760K, used 497392K [0x0000000080000000, 0x000000009ea00000, 0x00000000d5580000)
  object space 501760K, 99% used [0x0000000080000000,0x000000009e5bc120,0x000000009ea00000)
 Metaspace       used 110398K, committed 112256K, reserved 1179648K
  class space    used 10940K, committed 11840K, reserved 1048576K
}
Event: 171041.993 GC heap after
{Heap after GC invocations=9144 (full 16):
 PSYoungGen      total 5120K, used 448K [0x00000000d5580000, 0x00000000d5e80000, 0x0000000100000000)
  eden space 4608K, 0% used [0x00000000d5580000,0x00000000d5580000,0x00000000d5a00000)
  from space 512K, 87% used [0x00000000d5e00000,0x00000000d5e70000,0x00000000d5e80000)
  to   space 512K, 0% used [0x00000000d5d80000,0x00000000d5d80000,0x00000000d5e00000)
 ParOldGen       total 501760K, used 497488K [0x0000000080000000, 0x000000009ea00000, 0x00000000d5580000)
  object space 501760K, 99% used [0x0000000080000000,0x000000009e5d4140,0x000000009ea00000)
 Metaspace       used 110398K, committed 112256K, reserved 1179648K
  class space    used 10940K, committed 11840K, reserved 1048576K
}
Event: 172319.619 GC heap before
{Heap before GC invocations=9145 (full 16):
 PSYoungGen      total 5120K, used 5056K [0x00000000d5580000, 0x00000000d5e80000, 0x0000000100000000)
  eden space 4608K, 100% used [0x00000000d5580000,0x00000000d5a00000,0x00000000d5a00000)
  from space 512K, 87% used [0x00000000d5e00000,0x00000000d5e70000,0x00000000d5e80000)
  to   space 512K, 0% used [0x00000000d5d80000,0x00000000d5d80000,0x00000000d5e00000)
 ParOldGen       total 533504K, used 528208K [0x0000000080000000, 0x00000000a0900000, 0x00000000d5580000)
  object space 533504K, 99% used [0x0000000080000000,0x00000000a03d4170,0x00000000a0900000)
 Metaspace       used 110404K, committed 112320K, reserved 1179648K
  class space    used 10940K, committed 11840K, reserved 1048576K
}
Event: 172320.208 GC heap after
{Heap after GC invocations=9145 (full 16):
 PSYoungGen      total 5120K, used 512K [0x00000000d5580000, 0x00000000d5e80000, 0x0000000100000000)
  eden space 4608K, 0% used [0x00000000d5580000,0x00000000d5580000,0x00000000d5a00000)
  from space 512K, 100% used [0x00000000d5d80000,0x00000000d5e00000,0x00000000d5e00000)
  to   space 512K, 0% used [0x00000000d5e00000,0x00000000d5e00000,0x00000000d5e80000)
 ParOldGen       total 533504K, used 528208K [0x0000000080000000, 0x00000000a0900000, 0x00000000d5580000)
  object space 533504K, 99% used [0x0000000080000000,0x00000000a03d4170,0x00000000a0900000)
 Metaspace       used 110404K, committed 112320K, reserved 1179648K
  class space    used 10940K, committed 11840K, reserved 1048576K
}
Event: 172321.990 GC heap before
{Heap before GC invocations=9146 (full 16):
 PSYoungGen      total 5120K, used 5119K [0x00000000d5580000, 0x00000000d5e80000, 0x0000000100000000)
  eden space 4608K, 99% used [0x00000000d5580000,0x00000000d59fffd8,0x00000000d5a00000)
  from space 512K, 100% used [0x00000000d5d80000,0x00000000d5e00000,0x00000000d5e00000)
  to   space 512K, 0% used [0x00000000d5e00000,0x00000000d5e00000,0x00000000d5e80000)
 ParOldGen       total 533504K, used 528208K [0x0000000080000000, 0x00000000a0900000, 0x00000000d5580000)
  object space 533504K, 99% used [0x0000000080000000,0x00000000a03d4170,0x00000000a0900000)
 Metaspace       used 110405K, committed 112320K, reserved 1179648K
  class space    used 10940K, committed 11840K, reserved 1048576K
}
Event: 172321.995 GC heap after
{Heap after GC invocations=9146 (full 16):
 PSYoungGen      total 5120K, used 480K [0x00000000d5580000, 0x00000000d5e80000, 0x0000000100000000)
  eden space 4608K, 0% used [0x00000000d5580000,0x00000000d5580000,0x00000000d5a00000)
  from space 512K, 93% used [0x00000000d5e00000,0x00000000d5e78040,0x00000000d5e80000)
  to   space 1024K, 0% used [0x00000000d5c80000,0x00000000d5c80000,0x00000000d5d80000)
 ParOldGen       total 533504K, used 528256K [0x0000000080000000, 0x00000000a0900000, 0x00000000d5580000)
  object space 533504K, 99% used [0x0000000080000000,0x00000000a03e0170,0x00000000a0900000)
 Metaspace       used 110405K, committed 112320K, reserved 1179648K
  class space    used 10940K, committed 11840K, reserved 1048576K
}

